<?xml version="1.0" encoding="UTF-8"?>
<!-- Generated by org.testng.reporters.JUnitReportReporter -->
<testsuite hostname="DESKTOP-LC911AC" failures="0" tests="1" name="day3.HeadersDemo" time="1.404" errors="0" timestamp="29 Mar 2023 04:10:41 GMT" skipped="0">
  <testcase classname="day3.HeadersDemo" name="getHeaders" time="1.404"/>
</testsuite> <!-- day3.HeadersDemo -->
