<?xml version="1.0" encoding="UTF-8"?>
<!-- Generated by org.testng.reporters.JUnitReportReporter -->
<testsuite hostname="DESKTOP-LC911AC" failures="0" tests="4" name="day1.HTTPRequests" time="2.428" errors="0" timestamp="28 Mar 2023 19:24:38 GMT" skipped="0">
  <testcase classname="day1.HTTPRequests" name="getUsers" time="1.070"/>
  <testcase classname="day1.HTTPRequests" name="createUser" time="0.481"/>
  <testcase classname="day1.HTTPRequests" name="updateUser" time="0.485"/>
  <testcase classname="day1.HTTPRequests" name="deleteUser" time="0.392"/>
</testsuite> <!-- day1.HTTPRequests -->
