<?xml version="1.0" encoding="UTF-8"?>
<!-- Generated by org.testng.reporters.JUnitReportReporter -->
<testsuite hostname="DESKTOP-LC911AC" failures="0" tests="1" name="day3.CookiesDemo" time="1.251" errors="0" timestamp="19 Mar 2023 12:09:56 GMT" skipped="0">
  <testcase classname="day3.CookiesDemo" name="getCookiesInfo" time="1.251"/>
</testsuite> <!-- day3.CookiesDemo -->
