<?xml version="1.0" encoding="UTF-8"?>
<!-- Generated by org.testng.reporters.JUnitReportReporter -->
<testsuite hostname="DESKTOP-LC911AC" failures="0" tests="1" name="day3.LoggingDemo" time="1.079" errors="0" timestamp="19 Mar 2023 12:19:43 GMT" skipped="0">
  <testcase classname="day3.LoggingDemo" name="testLogs" time="1.079"/>
</testsuite> <!-- day3.LoggingDemo -->
