<?xml version="1.0" encoding="UTF-8"?>
<!-- Generated by org.testng.reporters.JUnitReportReporter -->
<testsuite hostname="DESKTOP-LC911AC" failures="0" tests="1" name="day5.ParsingXMLResponse" time="1.250" errors="0" timestamp="29 Mar 2023 04:31:08 GMT" skipped="0">
  <testcase classname="day5.ParsingXMLResponse" name="testXMLResponseBody" time="1.250"/>
</testsuite> <!-- day5.ParsingXMLResponse -->
