<?xml version="1.0" encoding="UTF-8"?>
<!-- Generated by org.testng.reporters.JUnitReportReporter -->
<testsuite hostname="DESKTOP-LC911AC" failures="0" tests="1" name="day6.JSONSchemaValidation" time="1.472" errors="0" timestamp="20 Mar 2023 09:16:15 GMT" skipped="0">
  <testcase classname="day6.JSONSchemaValidation" name="jsonschemaValidation" time="1.472"/>
</testsuite> <!-- day6.JSONSchemaValidation -->
