<?xml version="1.0" encoding="UTF-8"?>
<!-- Generated by org.testng.reporters.JUnitReportReporter -->
<testsuite hostname="DESKTOP-LC911AC" failures="0" tests="1" name="day6.SerilizationDeserilization" time="0.123" errors="0" timestamp="29 Mar 2023 04:41:18 GMT" skipped="0">
  <testcase classname="day6.SerilizationDeserilization" name="convertPojo2Json" time="0.123"/>
</testsuite> <!-- day6.SerilizationDeserilization -->
