<?xml version="1.0" encoding="UTF-8"?>
<!-- Generated by org.testng.reporters.JUnitReportReporter -->
<testsuite hostname="DESKTOP-LC911AC" failures="0" tests="1" name="day7.FakerGenerateDummyData" time="0.132" errors="0" timestamp="21 Mar 2023 05:22:51 GMT" skipped="0">
  <testcase classname="day7.FakerGenerateDummyData" name="testGenerateDummyData" time="0.132"/>
</testsuite> <!-- day7.FakerGenerateDummyData -->
