<?xml version="1.0" encoding="UTF-8"?>
<!-- Generated by org.testng.reporters.JUnitReportReporter -->
<testsuite hostname="DESKTOP-LC911AC" failures="0" tests="1" name="day3.PathAndQueryParameters" time="1.174" errors="0" timestamp="19 Mar 2023 10:23:55 GMT" skipped="0">
  <testcase classname="day3.PathAndQueryParameters" name="testQueryAndPathParameters" time="1.174"/>
</testsuite> <!-- day3.PathAndQueryParameters -->
