<?xml version="1.0" encoding="UTF-8"?>
<!-- Generated by org.testng.reporters.JUnitReportReporter -->
<testsuite hostname="DESKTOP-LC911AC" failures="0" tests="2" name="com.tmb.tests.LoginpageTests" time="8.470" errors="0" timestamp="2022-11-14T23:31:02 IST" skipped="0">
  <testcase classname="com.tmb.tests.LoginpageTests" name="test3" time="4.083"/>
  <system-out/>
  <testcase classname="com.tmb.tests.LoginpageTests" name="test1" time="4.387"/>
  <system-out/>
</testsuite> <!-- com.tmb.tests.LoginpageTests -->
