<?xml version="1.0" encoding="UTF-8"?>
<!-- Generated by org.testng.reporters.JUnitReportReporter -->
<testsuite hostname="DESKTOP-LC911AC" failures="0" tests="1" name="com.tmb.tests.HomepageTests" time="3.659" errors="0" timestamp="2022-11-15T12:55:49 IST" skipped="0">
  <testcase classname="com.tmb.tests.HomepageTests" name="test3" time="3.659"/>
  <system-out/>
</testsuite> <!-- com.tmb.tests.HomepageTests -->
